1518180584 +0100	JavaOnAutobahn
1518180229 +0100	JavaOnAutobahn
1518179666 +0100	JavaOnAutobahn
1518104859 +0100	Markus Harrer
1518104723 +0100	Markus Harrer
1518104656 +0100	Markus Harrer
1518098682 +0100	Markus Harrer
1511369674 +0100	Markus Harrer
1511337967 +0100	Markus Harrer
1509276416 +0100	Dirk Mahler
1509190515 +0200	Markus
1509183446 +0200	Markus
1509134288 +0200	Markus Harrer
1508857441 +0200	Dirk Mahler
1508856503 +0200	Dirk Mahler
1508828150 +0200	Dirk Mahler
1508582649 +0200	Dirk Mahler
1508353985 +0200	Dirk Mahler
1507714918 +0200	Dirk Mahler
1507554458 +0200	Dirk Mahler
1507477990 +0200	Dirk Mahler
1507308184 +0200	Dirk Mahler
1507282093 +0200	Dirk Mahler
1507277565 +0200	Dirk Mahler
1507261037 +0200	Dirk Mahler
1507261037 +0200	Dirk Mahler
1507147141 +0200	Dirk Mahler
1507053422 +0200	Dirk Mahler
1507053397 +0200	Dirk Mahler
1507052519 +0200	Dirk Mahler
1507052369 +0200	Dirk Mahler
1507051935 +0200	Dirk Mahler
1507016066 +0200	Dirk Mahler
1507016050 +0200	Dirk Mahler
1506494903 +0200	Dirk Mahler
1506454745 +0200	Markus Harrer
1506261040 +0200	Dirk Mahler
1505404702 +0200	Dirk Mahler
1505394722 +0200	Dirk Mahler
1505388761 +0200	Dirk Mahler
1505388761 +0200	Dirk Mahler
1505385365 +0200	Dirk Mahler
1504763537 +0200	Dirk Mahler
1503077628 +0200	Dirk Mahler
1503072113 +0200	Dirk Mahler
1503062086 +0200	Dirk Mahler
1503057920 +0200	Dirk Mahler
1503057301 +0200	Dirk Mahler
1503057152 +0200	Dirk Mahler
1502819894 +0200	Dirk Mahler
1502816715 +0200	Dirk Mahler
1502813258 +0200	Dirk Mahler
1495476566 +0200	Dirk Mahler
1488232693 +0100	Dirk Mahler
1488214082 +0100	dmahler
1488121379 +0100	Dirk Mahler
1487800842 +0100	feststelltaste
1487800618 +0100	feststelltaste
1485006588 +0100	Dirk Mahler
1478956726 +0100	Dirk Mahler
1478956617 +0100	Dirk Mahler
1478534128 +0100	dmahler
1477580345 +0200	Dirk Mahler
1477580335 +0200	Dirk Mahler
1473974875 +0200	Oliver B. Fischer
1473974571 +0200	Oliver B. Fischer
1473429392 +0200	Dirk Mahler
1473407500 +0200	Dirk Mahler
1471625696 +0200	Antoine Rey
1471367349 +0200	Antoine Rey
1470845740 +0200	Antoine Rey
1470845286 +0200	Antoine Rey
1470750622 +0200	Antoine Rey
1469706607 +0200	AndrejGajdos
1469201472 -0400	Mike Eltsufin
1468058786 +0200	Antoine Rey
1467824432 +0200	Antoine Rey
1467821920 +0200	Antoine Rey
1467736307 +0200	Antoine Rey
1467736089 +0200	Antoine Rey
1467182816 +0200	Antoine Rey
1467135847 +0200	Antoine Rey
1467135713 +0200	Antoine Rey
1467132471 +0200	Antoine Rey
1467094300 +0200	Antoine Rey
1467043023 +0200	Antoine Rey
1467018407 +0800	Dapeng
1466796135 +0200	Antoine Rey
1466317433 -0400	Ameya Pandilwar
1466111864 +0200	Dirk Mahler
1466111844 +0200	Dirk Mahler
1466111716 +0200	Dirk Mahler
1466111509 +0200	Markus
1466111285 +0200	Dirk Mahler
1466096369 +0200	Antoine Rey
1466084006 +0200	Dirk Mahler
1466081200 +0200	Dirk Mahler
1466075387 +0200	Dirk Mahler
1466023607 +0200	Attilio
1465231019 +0200	Antoine Rey
1463161786 +0200	Antoine Rey
1461436311 +0500	Faisal Hameed
1460732160 +0200	Dirk Mahler
1460132598 +0200	Antoine Rey
1459886725 +0200	Antoine Rey
1459842729 +0200	Antoine Rey
1459842692 +0200	Antoine Rey
1459839697 +0200	Tomas Repel
1459811073 +0800	XIAO XI LIU
1459809191 +0800	XIAO XI LIU
1459751815 +0200	Antoine Rey
1459749987 +0200	Antoine Rey
1458283820 +0100	Dirk Mahler
1457860445 +0100	Antoine Rey
1457860230 +0100	Antoine Rey
1457509257 +0100	Antoine Rey
1457457821 +0100	Antoine Rey
1457268799 +0100	Antoine Rey
1457200245 +0100	lukasz-szewc
1456356980 +1000	kadinyazilimci
1455964154 +0100	Antoine Rey
1455914970 -0600	patrickcrocker
1454887871 -0500	Ameya Pandilwar
1454781352 +0100	Antoine Rey
1454742134 +0800	michaelisvy
1454741911 +0800	michaelisvy
1454700108 +0100	Antoine Rey
1454569899 +0100	Antoine Rey
1454559586 -0500	thinksh
1454240496 +0100	Antoine Rey
1454160747 +0100	Antoine Rey
1454160619 +0100	Antoine Rey
1454160386 +0100	Antoine Rey
1454158812 +0100	Antoine Rey
1454153499 +0100	Antoine Rey
1454047151 +0100	Dirk Mahler
1453742479 +0000	IHABRITANE
1453111562 +0100	Dirk Mahler
1453109683 +0100	Dirk Mahler
1453109666 +0100	Dirk Mahler
1453031266 +0100	Dirk Mahler
1453031265 +0100	Dirk Mahler
1450801174 +0100	michaelisvy
1450800769 +0100	michaelisvy
1448518302 +0100	Dirk Mahler
1448027804 +0000	Colin But
1447997798 +0100	Dirk Mahler
1447943656 +0100	Dirk Mahler
1447940127 +0100	Dirk Mahler
1447939433 +0100	Dirk Mahler
1447938836 +0100	Dirk Mahler
1446889304 +0100	Dirk Mahler
1446749302 +0100	Dirk Mahler
1446748815 +0100	Dirk Mahler
1446674123 +0100	Dirk Mahler
1446486146 +0100	Antoine Rey
1446457864 +0100	Tomas Repel
1446314087 +0100	Dirk Mahler
1446053942 +0100	Antoine Rey
1446044356 +0100	Dirk Mahler
1446028664 +0100	Dirk Mahler
1446024919 +0100	Dirk Mahler
1446020690 +0100	Dirk Mahler
1446019062 +0100	Antoine Rey
1446017444 +0100	Antoine Rey
1445964563 +0100	Dirk Mahler
1445880940 +0100	Antoine Rey
1445495789 +0200	Antoine Rey
1445408707 +0200	Antoine Rey
1445362520 +0200	Antoine Rey
1445360350 +0200	Antoine Rey
1445244790 +0200	Tomas Repel
1445012457 +0200	Antoine Rey
1445012228 +0200	Antoine Rey
1445000657 +0200	Tomas Repel
1444980786 +0200	Antoine Rey
1444975399 +0200	Antoine Rey
1444804222 +0200	Antoine Rey
1444804168 +0200	Antoine Rey
1444771074 +0800	michaelisvy
1444754478 +0200	Antoine Rey
1444717935 +0200	Antoine Rey
1443778437 +0200	Tomas Repel
1443772316 +0800	michaelisvy
1443662434 -0400	Joe Freeman
1443498326 -0400	Joe Freeman
1443495850 -0400	Joe Freeman
1440051183 +0200	Antoine Rey
1440002654 +0200	Antoine Rey
1437824693 +0800	michaelisvy
1437824282 +0800	michaelisvy
1437823823 +0800	michaelisvy
1436989985 +0200	Antoine Rey
1435854017 +0200	Antoine Rey
1435853725 +0200	Antoine Rey
1435817462 +0200	Antoine Rey
1435561438 +0200	Antoine Rey
1435561268 +0200	Antoine Rey
1435560604 +0200	Antoine Rey
1435559849 +0200	Antoine Rey
1435214005 +0200	Antoine Rey
1435173329 +0200	Antoine Rey
1435164225 +0200	Antoine Rey
1435126363 +0200	Antoine Rey
1435126269 +0200	Antoine Rey
1434644989 +0200	Antoine Rey
1434644911 +0200	Antoine Rey
1434560066 +0200	Antoine Rey
1434564600 -0500	michaelisvy
1434522626 +0200	Antoine Rey
1433841293 +0800	michaelisvy
1433834012 +0800	michaelisvy
1433832049 +0200	Antoine Rey
1433831840 +0200	Antoine Rey
1433547391 +0800	michaelisvy
1433500666 +0200	srenkens
1432884010 +0800	michaelisvy
1432883772 +0800	michaelisvy
1432879659 +0200	Antoine Rey
1432345281 +0800	michaelisvy
1432344843 +0800	michaelisvy
1432344717 +0800	michaelisvy
1432135680 +0800	michaelisvy
1432135297 +0800	michaelisvy
1432135099 +0800	michaelisvy
1432134885 +0800	michaelisvy
1432134784 +0800	michaelisvy
1432129399 +0800	michaelisvy
1431446877 +0900	michaelisvy
1431446866 +0900	michaelisvy
1431431715 +0800	michaelisvy
1431431520 +0800	michaelisvy
1431429071 +0800	michaelisvy
1431428855 +0800	michaelisvy
1431428124 +0800	michaelisvy
1431308673 +0800	michaelisvy
1431304799 +0800	michaelisvy
1431211539 +0800	michaelisvy
1431211457 +0800	michaelisvy
1431210943 +0800	michaelisvy
1431210790 +0800	michaelisvy
1429793028 +0300	Vlad Selpukhin
1428974861 +0800	michaelisvy
1428974845 +0800	michaelisvy
1427899191 +0200	mklose
1427360662 +0800	michaelisvy
1421835766 +0800	michaelisvy
1421763924 +0800	michaelisvy
1421762554 +0800	michaelisvy
1421760087 +0800	michaelisvy
1421371536 +0800	michaelisvy
1421371360 +0800	michaelisvy
1421370502 +0800	michaelisvy
1417758115 +0800	michaelisvy
1417758007 +0800	michaelisvy
1417150471 +0900	michaelisvy
1417150329 +0900	michaelisvy
1417149646 +0900	michaelisvy
1417148717 +0900	michaelisvy
1417148365 +0900	michaelisvy
1417146357 +0900	michaelisvy
1413646769 +0800	michaelisvy
1413646575 +0800	michaelisvy
1413642510 +0800	michaelisvy
1413641581 +0800	michaelisvy
1409021461 +0800	Mic
1407477301 +0800	Mic
1404793180 -0700	Craig Dennis
1404251716 +0800	Mic
1401897629 +0800	Mic
1401669711 +0800	michaelisvy
1401627921 +0800	michaelisvy
1401619808 +0200	Thibault Duchateau
1401618481 +0800	michaelisvy
1401526952 +0200	Thibault Duchateau
1399826262 +0200	Bram Luyten
1397318085 +0800	Mic
1397316542 +0800	Mic
1397316533 +0800	Mic
1397273273 +0800	Mic
1397273252 +0800	michaelisvy
1397222889 +0800	Mic
1397222666 +0800	michaelisvy
1395593038 +0100	Antoine Rey
1393853555 +0800	Mic
1393853172 +0800	Mic
1393853069 +0800	Mic
1393247102 +0100	Antoine Rey
1391392788 +0800	Mic
1391392567 +0800	Mic
1391392256 +0800	Mic
1391392131 +0800	Mic
1391391104 +0800	Mic
1387195251 +0900	Mic
1387195095 +0900	Mic
1387194201 +0900	Mic
1387193180 +0900	Mic
1386901891 +0800	Mic
1386893724 +0800	Mic
1386893710 +0800	Mic
1385293615 +0530	Mic
1385255762 +0530	Mic
1383700713 +0800	Mic
1383699495 +0800	Mic
1383698011 +0800	Mic
1383697767 +0800	Mic
1380252696 +0800	Mic
1380252629 +0800	Mic
1380252339 +0800	Mic
1380251965 +0800	Mic
1380245589 +0800	Mic
1380070222 +0800	Mic
1380070026 +0800	Mic
1377424540 -0700	michaelisvy
1377424499 -0700	michaelisvy
1377421524 +0800	Mic
1377390393 +0800	Mic
1377389822 +0800	Mic
1377389620 +0800	Mic
1376156941 +0200	Cyrille Le Clerc
1376156399 +0200	Cyrille Le Clerc
1376028316 +0200	Mic
1375343456 +0200	Mic
1374762937 +0200	Mic
1374354253 -0700	michaelisvy
1374050014 -0700	michaelisvy
1373617358 +0200	boly38
1373508754 +0800	Mic
1372673609 +0200	Cyrille Le Clerc
1372648559 -0700	michaelisvy
1372411924 +0200	Cyrille Le Clerc
1372392029 +0800	Mic
1372385412 +0800	Mic
1371184845 -0700	michaelisvy
1371183513 +0300	Cyrille Le Clerc
1371173986 +0800	Mic
1371008045 +0800	Mic
1370697455 +0800	Mic
1370697334 +0800	Mic
1370394281 +0800	Mic
1370393999 +0800	Mic
1369790906 -0700	michaelisvy
1369679304 -0400	TejasM
1369434259 +0800	Mic
1369434044 +0800	Mic
1369389770 +0800	Mic
1369362702 +0800	Mic
1368974774 +0800	Mic
1368034008 +0800	Mic
1368032961 +0800	Mic
1367895501 +0800	Mic
1367895275 +0800	Mic
1367809213 +0800	Mic
1367809037 +0800	Mic
1367804381 +0800	Mic
1367548614 +0800	Mic
1367490804 +0800	Mic
1367489012 +0800	Mic
1367468923 +0800	Mic
1367465523 +0800	Mic
1367365396 +0800	Mic
1366962604 +0800	Mic
1366851620 +0800	Mic
1366606092 +0800	Mic
1366602302 +0800	Mic
1366251016 +0800	Mic
1366250968 +0800	Mic
1366017465 +0800	Mic
1365127307 +0800	Mic
1365059467 +0800	Mic
1364347894 +1100	Mic
1364211554 +1100	Mic
1363773427 +0800	Mic
1363767211 +0800	Mic
1363764809 +0800	Mic
1363613821 +0800	Mic
1363587264 +0800	Mic
1363356873 +0800	Mic
1363336586 +0800	Mic
1363335735 +0800	Mic
1363335098 +0800	Mic
1363316091 +0800	Mic
1363314849 +0800	Mic
1363314247 +0800	Mic
1363313904 +0800	Mic
1363313750 +0800	Mic
1363313637 +0800	Mic
1363313489 +0800	Mic
1363313373 +0800	Mic
1363312984 +0800	Mic
1363255495 +0800	Mic
1363255476 +0800	Mic
1362972258 +0800	Mic
1362971259 +0800	Mic
1362971091 +0800	Mic
1362964978 +0800	Mic
1362964921 +0800	Mic
1362524133 -0800	michaelisvy
1362518705 +0100	Thibault Duchateau
1362370520 +0800	Mic
1362091205 +0800	Mic
1361871707 +0800	Mic
1361871566 +0800	Mic
1361871486 +0800	Mic
1361870849 +0800	Mic
1361870731 +0800	Mic
1361870455 +0800	Mic
1361846578 -0800	michaelisvy
1361839140 +0800	Mic
1361832486 -0800	michaelisvy
1361828424 +0100	Julien Dubois
1361827988 +0100	Julien Dubois
1361738196 +0100	Thibault Duchateau
1361734569 +0100	Thibault Duchateau
1361499490 +0800	Mic
1361429400 +0800	Mic
1361429203 +0800	Mic
1361428033 +0800	Mic
1361412711 +0800	Mic
1361412641 +0800	Mic
1361411078 +0800	Mic
1361324448 +0800	Mic
1361321944 -0800	michaelisvy
1361290237 -0500	Gordon Dickens
1361289381 -0500	Gordon Dickens
1361288673 -0500	Gordon Dickens
1361287211 -0500	Gordon Dickens
1361286014 -0500	Gordon Dickens
1361262983 +0800	Mic
1360981663 +0100	Mic
1360913464 +0800	Mic
1360893686 +0800	Mic
1360893499 +0800	Mic
1360893255 +0800	Mic
1360893227 +0800	Mic
1360854010 +0800	Mic
1360853630 +0800	Mic
1360853287 +0800	Mic
1360852475 +0800	Mic
1360814205 +0800	Mic
1360813514 +0800	Mic
1360811910 +0800	Mic
1360811556 +0800	Mic
1360725761 +0800	Mic
1360719462 +0800	Mic
1360718958 +0800	Mic
1360713997 +0800	Mic
1360713471 +0800	Mic
1360713312 +0800	Mic
1360680711 +0800	Mic
1360631571 +0800	Mic
1360628953 +0800	Mic
1360628559 +0800	Mic
1360597417 -0800	michaelisvy
1360538178 -0500	Rossen Stoyanchev
1360304760 +0800	Mic
1360298760 +0800	Mic
1360204278 +0800	Mic
1360202933 +0800	Mic
1360202513 +0800	Mic
1360200330 +0800	Mic
1360157467 +0800	Mic
1360143698 +0800	Mic
1360143191 +0800	Mic
1360038111 +0800	Mic
1360029522 +0800	Mic
1360029001 +0800	Mic
1360028973 +0800	Mic
1359682823 +0800	Mic
1359682549 +0800	Mic
1359682160 +0800	Mic
1359682138 +0800	Mic
1359640639 +0800	Mic
1359516022 +0800	Mic
1359515988 +0800	Mic
1359507917 +0800	Mic
1359507888 +0800	Mic
1359452865 +0800	Mic
1359436128 +0800	Mic
1359381047 +0400	Mic
1359378090 +0400	Mic
1358843389 +0100	Mic
1358535732 +0800	Mic
1358535207 +0800	Mic
1358505143 +0800	Mic
1358500660 +0800	Mic
1358499361 +0800	Mic
1358407647 +0800	Mic
1358311583 +0800	Mic
1358305659 +0800	Mic
1358305357 +0800	Mic
1358305070 +0800	Mic
1358303420 +0800	Mic
1358242261 +0800	Mic
1358218656 +0800	Mic
1358217504 +0800	Mic
1358214165 +0800	Mic
1358213341 +0800	Mic
1358178246 +0800	Mic
1358178193 +0800	Mic
1358178025 +0800	Mic
1358177766 +0800	Mic
1358176987 +0800	Mic
1358172784 +0800	Mic
1358153709 +0800	Mic
1358151125 +0800	Mic
1358134352 +0800	Mic
1358132528 +0800	Mic
1358093317 +0800	Mic
1357805570 +0800	Mic
1357738648 +0800	Mic
1357737824 +0800	Mic
1357723700 +0800	Mic
1357723488 +0800	Mic
1357722767 +0800	Mic
1357722757 +0800	Mic
1332174725 +0000	Rossen Stoyanchev
1283413884 +0000	Chris Beams
1279549239 +0000	Costin Leau
1266531064 +0000	Keith Donald
1265312447 +0000	Costin Leau
1265310475 +0000	Costin Leau
1265305731 +0000	Costin Leau
1265235330 +0000	Costin Leau
1264439519 +0000	Costin Leau
1261262179 +0000	Keith Donald
1261261777 +0000	Keith Donald
1261261295 +0000	Keith Donald
1261260995 +0000	Keith Donald
1261260861 +0000	Keith Donald
1261260772 +0000	Keith Donald
1261259755 +0000	Keith Donald
1261259369 +0000	Keith Donald
1261258638 +0000	Keith Donald
1261075904 +0000	Keith Donald
1261071252 +0000	Costin Leau
1261069941 +0000	Keith Donald
1260994957 +0000	Keith Donald
1260984322 +0000	Keith Donald
1260983770 +0000	Keith Donald
1260982749 +0000	Keith Donald
1260982481 +0000	Keith Donald
1260981883 +0000	Keith Donald
1260978444 +0000	Keith Donald
1260828784 +0000	Thomas Risberg
1260820066 +0000	Costin Leau
1260817618 +0000	Costin Leau
1260479299 +0000	Costin Leau
1260478175 +0000	Costin Leau
1259340515 +0000	Costin Leau
1259268990 +0000	Costin Leau
1259268708 +0000	Costin Leau
1259268610 +0000	Costin Leau
1259265867 +0000	Costin Leau
1259265807 +0000	Costin Leau
1259264080 +0000	Costin Leau
1259260249 +0000	Costin Leau
1259257244 +0000	Costin Leau
1259254398 +0000	Costin Leau
1259254272 +0000	Costin Leau
1259254052 +0000	Costin Leau
1259254014 +0000	Costin Leau
1259177840 +0000	Costin Leau
1259177228 +0000	Costin Leau
1259174752 +0000	Costin Leau
1259167994 +0000	Costin Leau
1241728799 +0000	Keith Donald
1241646188 +0000	Keith Donald
1241638113 +0000	Keith Donald
1241638099 +0000	Keith Donald
1241634157 +0000	Keith Donald
1241633911 +0000	Keith Donald
1241633180 +0000	Keith Donald
1241632947 +0000	Keith Donald
1241632557 +0000	Keith Donald
1241632203 +0000	Keith Donald
1241627836 +0000	Keith Donald
1241561694 +0000	Keith Donald
1241561543 +0000	Keith Donald
1241560859 +0000	Keith Donald
1241544638 +0000	Keith Donald
1241544169 +0000	Keith Donald
1357722318 -0800	michaelisvy
